<?xml version="1.0" encoding="UTF-8"?>
<!-- Generated by org.testng.reporters.JUnitReportReporter -->
<testsuite hostname="Windows10" failures="0" tests="1" name="TestNg.NewTest" time="10.554" errors="0" timestamp="2022-10-07T06:20:01 EDT" skipped="0">
  <testcase classname="TestNg.NewTest" name="valid" time="10.554"/>
  <system-out/>
</testsuite> <!-- TestNg.NewTest -->
