<?xml version="1.0" encoding="UTF-8"?>
<!-- Generated by org.testng.reporters.JUnitReportReporter -->
<testsuite hostname="Windows10" failures="0" tests="1" name="TestNg.NewTest" time="9.642" errors="0" timestamp="2022-10-07T08:20:44 EDT" skipped="0">
  <testcase classname="TestNg.NewTest" name="valid" time="9.642"/>
  <system-out/>
</testsuite> <!-- TestNg.NewTest -->
